<?xml version="1.0" encoding="UTF-8"?>
<!-- Generated by org.testng.reporters.JUnitXMLReporter -->
<testsuite ignored="0" hostname="Pankaj" failures="0" tests="3" name="Surefire test" time="0.097" errors="0" timestamp="2023-05-06T11:36:25 BST">
  <testcase classname="Testing.SeleniumAutomation.AppiumTest" name="webappdriver" time="0.009"/>
  <testcase classname="Testing.SeleniumAutomation.SeleniumTest" name="webdriver" time="0.0"/>
  <testcase classname="Testing.SeleniumAutomation.SeleniumTest" name="webseldriver" time="0.0"/>
</testsuite> <!-- Surefire test -->
