<?xml version="1.0" encoding="UTF-8"?>
<!-- Generated by org.testng.reporters.JUnitXMLReporter -->
<testsuite ignored="0" hostname="Pankaj" failures="0" tests="3" name="Test" time="0.091" errors="0" timestamp="2023-05-08T15:05:19 BST">
  <testcase classname="Testing.SeleniumAutomation.SeleniumTest" name="webdriver" time="0.01"/>
  <testcase classname="Testing.SeleniumAutomation.SeleniumTest" name="webseldriver" time="0.001"/>
  <testcase classname="Testing.SeleniumAutomation.AppiumTest" name="webappdriver" time="0.0"/>
</testsuite> <!-- Test -->
